2013-09-07 22:50:03.888 [error] <0.379.0> GET / [klunsr] 404 1ms
2013-09-07 22:50:07.328 [error] <0.379.0> GET /list [klunsr] 404 1ms
2013-09-07 22:50:10.711 [error] <0.379.0> GET /list/ [klunsr] 404 1ms
2013-09-07 22:54:28.511 [error] <0.92.0> gen_server <0.92.0> terminated with reason: no function clause matching boss_record_lib:convert_value_to_type(undefined, string) line 78
2013-09-07 22:54:28.514 [error] <0.92.0> CRASH REPORT Process <0.92.0> with 0 neighbours exited with reason: no function clause matching boss_record_lib:convert_value_to_type(undefined, string) line 78 in gen_server:terminate/6 line 744
2013-09-07 22:54:28.516 [error] <0.88.0> Supervisor poolboy_sup had child boss_db_controller started with {boss_db_controller,start_link,undefined} at <0.92.0> exit with reason no function clause matching boss_record_lib:convert_value_to_type(undefined, string) line 78 in context child_terminated
2013-09-07 22:54:28.518 [error] <0.449.0> {{function_clause,[{boss_record_lib,convert_value_to_type,[undefined,string],[{file,"src/boss_record_lib.erl"},{line,78}]},{lists,map,2,[{file,"lists.erl"},{line,1224}]},{lists,map,2,[{file,"lists.erl"},{line,1224}]},{boss_db_adapter_mongodb,mongo_tuple_to_record,2,[{file,"src/db_adapters/boss_db_adapter_mongodb.erl"},{line,413}]},{lists,map,2,[{file,"lists.erl"},{line,1224}]},{lists,map,2,[{file,"lists.erl"},{line,1224}]},{boss_db_controller,handle_call,3,[{file,"src/boss_db_controller.erl"},{line,145}]},{gen_server,handle_msg,5,[{file,"gen_server.erl"},{line,585}]}]},{gen_server,call,[<0.92.0>,{find,product,[],all,0,id,ascending,[]},30000]}}
2013-09-07 22:54:28.527 [error] <0.449.0> GET /product/list [klunsr] 500 97ms
2013-09-07 22:55:23.882 [error] <0.89.0> gen_server <0.89.0> terminated with reason: no function clause matching boss_record_lib:convert_value_to_type(undefined, string) line 78
2013-09-07 22:55:23.885 [error] <0.89.0> CRASH REPORT Process <0.89.0> with 1 neighbours exited with reason: no function clause matching boss_record_lib:convert_value_to_type(undefined, string) line 78 in gen_server:terminate/6 line 744
2013-09-07 22:55:23.887 [error] <0.472.0> {{function_clause,[{boss_record_lib,convert_value_to_type,[undefined,string],[{file,"src/boss_record_lib.erl"},{line,78}]},{lists,map,2,[{file,"lists.erl"},{line,1224}]},{lists,map,2,[{file,"lists.erl"},{line,1224}]},{boss_db_adapter_mongodb,mongo_tuple_to_record,2,[{file,"src/db_adapters/boss_db_adapter_mongodb.erl"},{line,413}]},{lists,map,2,[{file,"lists.erl"},{line,1224}]},{lists,map,2,[{file,"lists.erl"},{line,1224}]},{boss_db_controller,handle_call,3,[{file,"src/boss_db_controller.erl"},{line,145}]},{gen_server,handle_msg,5,[{file,"gen_server.erl"},{line,585}]}]},{gen_server,call,[<0.89.0>,{find,product,[],all,0,id,ascending,[]},30000]}}
2013-09-07 22:55:23.890 [error] <0.88.0> Supervisor poolboy_sup had child boss_db_controller started with {boss_db_controller,start_link,undefined} at <0.89.0> exit with reason no function clause matching boss_record_lib:convert_value_to_type(undefined, string) line 78 in context child_terminated
2013-09-07 22:55:23.892 [error] <0.472.0> GET /product/list [klunsr] 500 77ms
2013-09-07 22:56:27.720 [error] <0.91.0> gen_server <0.91.0> terminated with reason: no function clause matching boss_record_lib:convert_value_to_type(undefined, string) line 78
2013-09-07 22:56:27.722 [error] <0.91.0> CRASH REPORT Process <0.91.0> with 0 neighbours exited with reason: no function clause matching boss_record_lib:convert_value_to_type(undefined, string) line 78 in gen_server:terminate/6 line 744
2013-09-07 22:56:27.725 [error] <0.88.0> Supervisor poolboy_sup had child boss_db_controller started with {boss_db_controller,start_link,undefined} at <0.91.0> exit with reason no function clause matching boss_record_lib:convert_value_to_type(undefined, string) line 78 in context child_terminated
2013-09-07 22:56:27.730 [error] <0.523.0> {{function_clause,[{boss_record_lib,convert_value_to_type,[undefined,string],[{file,"src/boss_record_lib.erl"},{line,78}]},{lists,map,2,[{file,"lists.erl"},{line,1224}]},{lists,map,2,[{file,"lists.erl"},{line,1224}]},{boss_db_adapter_mongodb,mongo_tuple_to_record,2,[{file,"src/db_adapters/boss_db_adapter_mongodb.erl"},{line,413}]},{lists,map,2,[{file,"lists.erl"},{line,1224}]},{lists,map,2,[{file,"lists.erl"},{line,1224}]},{boss_db_controller,handle_call,3,[{file,"src/boss_db_controller.erl"},{line,145}]},{gen_server,handle_msg,5,[{file,"gen_server.erl"},{line,585}]}]},{gen_server,call,[<0.91.0>,{find,product,[],all,0,id,ascending,[]},30000]}}
2013-09-07 22:56:27.731 [error] <0.523.0> GET /product/list [klunsr] 500 77ms
2013-09-07 22:56:47.537 [error] <0.466.0> gen_server <0.466.0> terminated with reason: no function clause matching boss_record_lib:convert_value_to_type(undefined, string) line 78
2013-09-07 22:56:47.539 [error] <0.466.0> CRASH REPORT Process <0.466.0> with 0 neighbours exited with reason: no function clause matching boss_record_lib:convert_value_to_type(undefined, string) line 78 in gen_server:terminate/6 line 744
2013-09-07 22:56:47.542 [error] <0.88.0> Supervisor poolboy_sup had child boss_db_controller started with {boss_db_controller,start_link,undefined} at <0.466.0> exit with reason no function clause matching boss_record_lib:convert_value_to_type(undefined, string) line 78 in context child_terminated
2013-09-07 22:56:47.545 [error] <0.544.0> {{function_clause,[{boss_record_lib,convert_value_to_type,[undefined,string],[{file,"src/boss_record_lib.erl"},{line,78}]},{lists,map,2,[{file,"lists.erl"},{line,1224}]},{lists,map,2,[{file,"lists.erl"},{line,1224}]},{boss_db_adapter_mongodb,mongo_tuple_to_record,2,[{file,"src/db_adapters/boss_db_adapter_mongodb.erl"},{line,413}]},{lists,map,2,[{file,"lists.erl"},{line,1224}]},{lists,map,2,[{file,"lists.erl"},{line,1224}]},{boss_db_controller,handle_call,3,[{file,"src/boss_db_controller.erl"},{line,145}]},{gen_server,handle_msg,5,[{file,"gen_server.erl"},{line,585}]}]},{gen_server,call,[<0.466.0>,{find,product,[],all,0,id,ascending,[]},30000]}}
2013-09-07 22:56:47.548 [error] <0.544.0> GET /product/list [klunsr] 500 73ms
2013-09-07 22:56:52.126 [error] <0.504.0> gen_server <0.504.0> terminated with reason: no function clause matching boss_record_lib:convert_value_to_type(undefined, string) line 78
2013-09-07 22:56:52.129 [error] <0.504.0> CRASH REPORT Process <0.504.0> with 0 neighbours exited with reason: no function clause matching boss_record_lib:convert_value_to_type(undefined, string) line 78 in gen_server:terminate/6 line 744
2013-09-07 22:56:52.134 [error] <0.544.0> {{function_clause,[{boss_record_lib,convert_value_to_type,[undefined,string],[{file,"src/boss_record_lib.erl"},{line,78}]},{lists,map,2,[{file,"lists.erl"},{line,1224}]},{lists,map,2,[{file,"lists.erl"},{line,1224}]},{boss_db_adapter_mongodb,mongo_tuple_to_record,2,[{file,"src/db_adapters/boss_db_adapter_mongodb.erl"},{line,413}]},{lists,map,2,[{file,"lists.erl"},{line,1224}]},{lists,map,2,[{file,"lists.erl"},{line,1224}]},{boss_db_controller,handle_call,3,[{file,"src/boss_db_controller.erl"},{line,145}]},{gen_server,handle_msg,5,[{file,"gen_server.erl"},{line,585}]}]},{gen_server,call,[<0.504.0>,{find,product,[],all,0,id,ascending,[]},30000]}}
2013-09-07 22:56:52.142 [error] <0.88.0> Supervisor poolboy_sup had child boss_db_controller started with {boss_db_controller,start_link,undefined} at <0.504.0> exit with reason no function clause matching boss_record_lib:convert_value_to_type(undefined, string) line 78 in context child_terminated
2013-09-07 22:56:52.144 [error] <0.544.0> GET /product/list [klunsr] 500 68ms
2013-09-07 22:57:09.924 [error] <0.540.0> gen_server <0.540.0> terminated with reason: no function clause matching boss_record_lib:convert_value_to_type(undefined, string) line 78
2013-09-07 22:57:09.926 [error] <0.540.0> CRASH REPORT Process <0.540.0> with 0 neighbours exited with reason: no function clause matching boss_record_lib:convert_value_to_type(undefined, string) line 78 in gen_server:terminate/6 line 744
2013-09-07 22:57:09.929 [error] <0.88.0> Supervisor poolboy_sup had child boss_db_controller started with {boss_db_controller,start_link,undefined} at <0.540.0> exit with reason no function clause matching boss_record_lib:convert_value_to_type(undefined, string) line 78 in context child_terminated
2013-09-07 22:57:09.933 [error] <0.597.0> {{function_clause,[{boss_record_lib,convert_value_to_type,[undefined,string],[{file,"src/boss_record_lib.erl"},{line,78}]},{lists,map,2,[{file,"lists.erl"},{line,1224}]},{lists,map,2,[{file,"lists.erl"},{line,1224}]},{boss_db_adapter_mongodb,mongo_tuple_to_record,2,[{file,"src/db_adapters/boss_db_adapter_mongodb.erl"},{line,413}]},{lists,map,2,[{file,"lists.erl"},{line,1224}]},{lists,map,2,[{file,"lists.erl"},{line,1224}]},{boss_db_controller,handle_call,3,[{file,"src/boss_db_controller.erl"},{line,145}]},{gen_server,handle_msg,5,[{file,"gen_server.erl"},{line,585}]}]},{gen_server,call,[<0.540.0>,{find,product,[],all,0,id,ascending,[]},30000]}}
2013-09-07 22:57:09.935 [error] <0.597.0> GET /product/list [klunsr] 500 70ms
